<?xml version="1.0" encoding="UTF-8"?>
<coverage generated="1781150698780" clover="3.2.0">
  <project timestamp="1781150698780" name="All files">
    <metrics statements="194" coveredstatements="175" conditionals="88" coveredconditionals="63" methods="54" coveredmethods="54" elements="336" coveredelements="292" complexity="0" loc="194" ncloc="194" packages="1" files="5" classes="5"/>
    <file name="categoria.js" path="C:\Users\xx3\Desktop\Grup-2_grupal_chevez\src\test\categoria.js">
      <metrics statements="36" coveredstatements="31" conditionals="13" coveredconditionals="7" methods="11" coveredmethods="11"/>
      <line num="1" count="3" type="stmt"/>
      <line num="22" count="3" type="stmt"/>
      <line num="29" count="3" type="stmt"/>
      <line num="54" count="51" type="stmt"/>
      <line num="56" count="51" type="cond" truecount="1" falsecount="1"/>
      <line num="57" count="0" type="stmt"/>
      <line num="60" count="51" type="cond" truecount="1" falsecount="1"/>
      <line num="61" count="0" type="stmt"/>
      <line num="64" count="51" type="stmt"/>
      <line num="71" count="39" type="stmt"/>
      <line num="73" count="39" type="cond" truecount="1" falsecount="1"/>
      <line num="74" count="0" type="stmt"/>
      <line num="81" count="39" type="stmt"/>
      <line num="87" count="39" type="stmt"/>
      <line num="89" count="39" type="stmt"/>
      <line num="97" count="12" type="stmt"/>
      <line num="98" count="24" type="stmt"/>
      <line num="101" count="12" type="cond" truecount="1" falsecount="1"/>
      <line num="102" count="0" type="stmt"/>
      <line num="109" count="12" type="stmt"/>
      <line num="113" count="12" type="stmt"/>
      <line num="115" count="12" type="cond" truecount="1" falsecount="1"/>
      <line num="116" count="0" type="stmt"/>
      <line num="123" count="12" type="stmt"/>
      <line num="129" count="12" type="stmt"/>
      <line num="137" count="3" type="stmt"/>
      <line num="141" count="13" type="stmt"/>
      <line num="143" count="27" type="stmt"/>
      <line num="149" count="7" type="stmt"/>
      <line num="151" count="7" type="stmt"/>
      <line num="152" count="21" type="stmt"/>
      <line num="157" count="9" type="stmt"/>
      <line num="159" count="9" type="stmt"/>
      <line num="160" count="27" type="stmt"/>
      <line num="163" count="9" type="stmt"/>
      <line num="166" count="3" type="stmt"/>
    </file>
    <file name="cliente.js" path="C:\Users\xx3\Desktop\Grup-2_grupal_chevez\src\test\cliente.js">
      <metrics statements="32" coveredstatements="28" conditionals="13" coveredconditionals="9" methods="11" coveredmethods="11"/>
      <line num="1" count="1" type="stmt"/>
      <line num="26" count="15" type="stmt"/>
      <line num="28" count="15" type="cond" truecount="1" falsecount="1"/>
      <line num="29" count="0" type="stmt"/>
      <line num="32" count="15" type="cond" truecount="1" falsecount="1"/>
      <line num="33" count="0" type="stmt"/>
      <line num="36" count="15" type="cond" truecount="1" falsecount="1"/>
      <line num="37" count="0" type="stmt"/>
      <line num="40" count="15" type="stmt"/>
      <line num="47" count="15" type="stmt"/>
      <line num="49" count="15" type="cond" truecount="1" falsecount="1"/>
      <line num="50" count="0" type="stmt"/>
      <line num="57" count="15" type="stmt"/>
      <line num="64" count="15" type="stmt"/>
      <line num="66" count="15" type="stmt"/>
      <line num="74" count="5" type="stmt"/>
      <line num="75" count="12" type="stmt"/>
      <line num="78" count="5" type="cond" truecount="2" falsecount="0"/>
      <line num="79" count="1" type="stmt"/>
      <line num="86" count="4" type="stmt"/>
      <line num="88" count="4" type="stmt"/>
      <line num="96" count="4" type="stmt"/>
      <line num="97" count="7" type="cond" truecount="2" falsecount="0"/>
      <line num="103" count="1" type="stmt"/>
      <line num="105" count="1" type="stmt"/>
      <line num="106" count="2" type="stmt"/>
      <line num="111" count="2" type="stmt"/>
      <line num="115" count="5" type="stmt"/>
      <line num="117" count="5" type="stmt"/>
      <line num="118" count="15" type="stmt"/>
      <line num="121" count="5" type="stmt"/>
      <line num="124" count="1" type="stmt"/>
    </file>
    <file name="inventario.js" path="C:\Users\xx3\Desktop\Grup-2_grupal_chevez\src\test\inventario.js">
      <metrics statements="42" coveredstatements="37" conditionals="21" coveredconditionals="14" methods="11" coveredmethods="11"/>
      <line num="1" count="1" type="stmt"/>
      <line num="28" count="1" type="stmt"/>
      <line num="35" count="18" type="stmt"/>
      <line num="36" count="18" type="stmt"/>
      <line num="38" count="18" type="cond" truecount="1" falsecount="1"/>
      <line num="39" count="0" type="stmt"/>
      <line num="42" count="18" type="cond" truecount="3" falsecount="1"/>
      <line num="43" count="0" type="stmt"/>
      <line num="46" count="18" type="stmt"/>
      <line num="53" count="18" type="stmt"/>
      <line num="55" count="18" type="cond" truecount="1" falsecount="1"/>
      <line num="56" count="0" type="stmt"/>
      <line num="63" count="18" type="stmt"/>
      <line num="69" count="18" type="stmt"/>
      <line num="71" count="18" type="stmt"/>
      <line num="79" count="19" type="stmt"/>
      <line num="80" count="37" type="stmt"/>
      <line num="82" count="19" type="stmt"/>
      <line num="84" count="19" type="cond" truecount="1" falsecount="1"/>
      <line num="85" count="0" type="stmt"/>
      <line num="92" count="19" type="cond" truecount="3" falsecount="1"/>
      <line num="93" count="0" type="stmt"/>
      <line num="100" count="19" type="cond" truecount="2" falsecount="0"/>
      <line num="101" count="1" type="stmt"/>
      <line num="108" count="18" type="stmt"/>
      <line num="110" count="18" type="stmt"/>
      <line num="118" count="18" type="stmt"/>
      <line num="120" count="18" type="stmt"/>
      <line num="128" count="3" type="stmt"/>
      <line num="129" count="6" type="cond" truecount="1" falsecount="1"/>
      <line num="135" count="3" type="stmt"/>
      <line num="137" count="3" type="stmt"/>
      <line num="138" count="9" type="stmt"/>
      <line num="143" count="1" type="stmt"/>
      <line num="147" count="5" type="stmt"/>
      <line num="148" count="5" type="stmt"/>
      <line num="150" count="5" type="stmt"/>
      <line num="151" count="15" type="stmt"/>
      <line num="153" count="15" type="cond" truecount="1" falsecount="1"/>
      <line num="154" count="15" type="stmt"/>
      <line num="161" count="5" type="stmt"/>
      <line num="167" count="1" type="stmt"/>
    </file>
    <file name="producto.js" path="C:\Users\xx3\Desktop\Grup-2_grupal_chevez\src\test\producto.js">
      <metrics statements="49" coveredstatements="47" conditionals="24" coveredconditionals="19" methods="14" coveredmethods="14"/>
      <line num="1" count="3" type="stmt"/>
      <line num="7" count="3" type="stmt"/>
      <line num="31" count="3" type="stmt"/>
      <line num="39" count="3" type="stmt"/>
      <line num="67" count="47" type="stmt"/>
      <line num="68" count="47" type="stmt"/>
      <line num="69" count="47" type="stmt"/>
      <line num="70" count="47" type="stmt"/>
      <line num="71" count="96" type="stmt"/>
      <line num="74" count="47" type="cond" truecount="2" falsecount="0"/>
      <line num="75" count="2" type="stmt"/>
      <line num="78" count="47" type="cond" truecount="2" falsecount="0"/>
      <line num="79" count="2" type="stmt"/>
      <line num="82" count="47" type="cond" truecount="4" falsecount="0"/>
      <line num="83" count="2" type="stmt"/>
      <line num="86" count="47" type="cond" truecount="4" falsecount="0"/>
      <line num="87" count="2" type="stmt"/>
      <line num="90" count="47" type="stmt"/>
      <line num="97" count="34" type="stmt"/>
      <line num="99" count="34" type="cond" truecount="2" falsecount="0"/>
      <line num="100" count="1" type="stmt"/>
      <line num="107" count="33" type="stmt"/>
      <line num="108" count="66" type="stmt"/>
      <line num="111" count="33" type="stmt"/>
      <line num="120" count="33" type="stmt"/>
      <line num="122" count="33" type="stmt"/>
      <line num="130" count="12" type="stmt"/>
      <line num="131" count="24" type="stmt"/>
      <line num="134" count="12" type="cond" truecount="1" falsecount="1"/>
      <line num="135" count="0" type="stmt"/>
      <line num="142" count="12" type="stmt"/>
      <line num="146" count="12" type="stmt"/>
      <line num="148" count="12" type="cond" truecount="1" falsecount="1"/>
      <line num="149" count="0" type="stmt"/>
      <line num="156" count="12" type="stmt"/>
      <line num="157" count="24" type="stmt"/>
      <line num="160" count="12" type="stmt"/>
      <line num="169" count="12" type="stmt"/>
      <line num="177" count="4" type="stmt"/>
      <line num="181" count="2" type="stmt"/>
      <line num="183" count="2" type="stmt"/>
      <line num="184" count="6" type="stmt"/>
      <line num="189" count="9" type="stmt"/>
      <line num="190" count="18" type="cond" truecount="1" falsecount="1"/>
      <line num="196" count="9" type="stmt"/>
      <line num="198" count="9" type="stmt"/>
      <line num="199" count="27" type="stmt"/>
      <line num="202" count="9" type="stmt"/>
      <line num="205" count="3" type="stmt"/>
    </file>
    <file name="venta.js" path="C:\Users\xx3\Desktop\Grup-2_grupal_chevez\src\test\venta.js">
      <metrics statements="35" coveredstatements="32" conditionals="17" coveredconditionals="14" methods="7" coveredmethods="7"/>
      <line num="1" count="1" type="stmt"/>
      <line num="22" count="1" type="stmt"/>
      <line num="49" count="1" type="stmt"/>
      <line num="59" count="18" type="stmt"/>
      <line num="63" count="13" type="stmt"/>
      <line num="64" count="13" type="stmt"/>
      <line num="65" count="25" type="stmt"/>
      <line num="67" count="13" type="stmt"/>
      <line num="68" count="13" type="stmt"/>
      <line num="70" count="13" type="cond" truecount="1" falsecount="1"/>
      <line num="71" count="0" type="stmt"/>
      <line num="74" count="13" type="cond" truecount="3" falsecount="1"/>
      <line num="75" count="0" type="stmt"/>
      <line num="78" count="13" type="cond" truecount="3" falsecount="1"/>
      <line num="79" count="0" type="stmt"/>
      <line num="82" count="13" type="cond" truecount="4" falsecount="0"/>
      <line num="83" count="1" type="stmt"/>
      <line num="86" count="13" type="stmt"/>
      <line num="94" count="15" type="stmt"/>
      <line num="98" count="13" type="stmt"/>
      <line num="100" count="13" type="cond" truecount="2" falsecount="0"/>
      <line num="101" count="1" type="stmt"/>
      <line num="110" count="12" type="stmt"/>
      <line num="111" count="12" type="stmt"/>
      <line num="112" count="12" type="stmt"/>
      <line num="114" count="12" type="stmt"/>
      <line num="120" count="12" type="stmt"/>
      <line num="130" count="12" type="stmt"/>
      <line num="137" count="12" type="stmt"/>
      <line num="138" count="12" type="stmt"/>
      <line num="139" count="12" type="stmt"/>
      <line num="140" count="12" type="stmt"/>
      <line num="142" count="12" type="stmt"/>
      <line num="152" count="6" type="stmt"/>
      <line num="160" count="1" type="stmt"/>
    </file>
  </project>
</coverage>
