{"C:\\Users\\xx3\\Desktop\\Grup-2_grupal_chevez\\src\\test\\categoria.js": {"path":"C:\\Users\\xx3\\Desktop\\Grup-2_grupal_chevez\\src\\test\\categoria.js","statementMap":{"0":{"start":{"line":1,"column":29},"end":{"line":20,"column":1}},"1":{"start":{"line":22,"column":26},"end":{"line":27,"column":1}},"2":{"start":{"line":29,"column":30},"end":{"line":51,"column":1}},"3":{"start":{"line":54,"column":18},"end":{"line":54,"column":20}},"4":{"start":{"line":56,"column":2},"end":{"line":58,"column":3}},"5":{"start":{"line":57,"column":4},"end":{"line":57,"column":61}},"6":{"start":{"line":60,"column":2},"end":{"line":62,"column":3}},"7":{"start":{"line":61,"column":4},"end":{"line":61,"column":66}},"8":{"start":{"line":64,"column":2},"end":{"line":67,"column":4}},"9":{"start":{"line":71,"column":21},"end":{"line":71,"column":48}},"10":{"start":{"line":73,"column":2},"end":{"line":79,"column":3}},"11":{"start":{"line":74,"column":4},"end":{"line":78,"column":6}},"12":{"start":{"line":81,"column":30},"end":{"line":85,"column":3}},"13":{"start":{"line":87,"column":2},"end":{"line":87,"column":44}},"14":{"start":{"line":89,"column":2},"end":{"line":93,"column":4}},"15":{"start":{"line":97,"column":28},"end":{"line":99,"column":3}},"16":{"start":{"line":98,"column":19},"end":{"line":98,"column":65}},"17":{"start":{"line":101,"column":2},"end":{"line":107,"column":3}},"18":{"start":{"line":102,"column":4},"end":{"line":106,"column":6}},"19":{"start":{"line":109,"column":31},"end":{"line":112,"column":3}},"20":{"start":{"line":113,"column":21},"end":{"line":113,"column":59}},"21":{"start":{"line":115,"column":2},"end":{"line":121,"column":3}},"22":{"start":{"line":116,"column":4},"end":{"line":120,"column":6}},"23":{"start":{"line":123,"column":2},"end":{"line":127,"column":4}},"24":{"start":{"line":129,"column":2},"end":{"line":133,"column":4}},"25":{"start":{"line":137,"column":2},"end":{"line":137,"column":30}},"26":{"start":{"line":141,"column":2},"end":{"line":145,"column":4}},"27":{"start":{"line":143,"column":21},"end":{"line":143,"column":67}},"28":{"start":{"line":149,"column":19},"end":{"line":149,"column":53}},"29":{"start":{"line":151,"column":2},"end":{"line":153,"column":4}},"30":{"start":{"line":152,"column":4},"end":{"line":152,"column":63}},"31":{"start":{"line":157,"column":26},"end":{"line":157,"column":28}},"32":{"start":{"line":159,"column":2},"end":{"line":161,"column":5}},"33":{"start":{"line":160,"column":4},"end":{"line":160,"column":51}},"34":{"start":{"line":163,"column":2},"end":{"line":163,"column":25}},"35":{"start":{"line":166,"column":0},"end":{"line":177,"column":2}}},"fnMap":{"0":{"name":"validarCategoria","decl":{"start":{"line":53,"column":9},"end":{"line":53,"column":25}},"loc":{"start":{"line":53,"column":37},"end":{"line":68,"column":1}},"line":53},"1":{"name":"registrarCategoria","decl":{"start":{"line":70,"column":9},"end":{"line":70,"column":27}},"loc":{"start":{"line":70,"column":56},"end":{"line":94,"column":1}},"line":70},"2":{"name":"editarCategoria","decl":{"start":{"line":96,"column":9},"end":{"line":96,"column":24}},"loc":{"start":{"line":96,"column":68},"end":{"line":134,"column":1}},"line":96},"3":{"name":"(anonymous_3)","decl":{"start":{"line":98,"column":4},"end":{"line":98,"column":5}},"loc":{"start":{"line":98,"column":19},"end":{"line":98,"column":65}},"line":98},"4":{"name":"obtenerListadoCategorias","decl":{"start":{"line":136,"column":9},"end":{"line":136,"column":33}},"loc":{"start":{"line":136,"column":51},"end":{"line":138,"column":1}},"line":136},"5":{"name":"consultarCategoriaPorId","decl":{"start":{"line":140,"column":9},"end":{"line":140,"column":32}},"loc":{"start":{"line":140,"column":63},"end":{"line":146,"column":1}},"line":140},"6":{"name":"(anonymous_6)","decl":{"start":{"line":143,"column":6},"end":{"line":143,"column":7}},"loc":{"start":{"line":143,"column":21},"end":{"line":143,"column":67}},"line":143},"7":{"name":"buscarCategoriasPorNombre","decl":{"start":{"line":148,"column":9},"end":{"line":148,"column":34}},"loc":{"start":{"line":148,"column":67},"end":{"line":154,"column":1}},"line":148},"8":{"name":"(anonymous_8)","decl":{"start":{"line":151,"column":32},"end":{"line":151,"column":33}},"loc":{"start":{"line":152,"column":4},"end":{"line":152,"column":63}},"line":152},"9":{"name":"prepararTablaCategorias","decl":{"start":{"line":156,"column":9},"end":{"line":156,"column":32}},"loc":{"start":{"line":156,"column":68},"end":{"line":164,"column":1}},"line":156},"10":{"name":"(anonymous_10)","decl":{"start":{"line":159,"column":21},"end":{"line":159,"column":22}},"loc":{"start":{"line":159,"column":36},"end":{"line":161,"column":3}},"line":159}},"branchMap":{"0":{"loc":{"start":{"line":56,"column":2},"end":{"line":58,"column":3}},"type":"if","locations":[{"start":{"line":56,"column":2},"end":{"line":58,"column":3}},{"start":{},"end":{}}],"line":56},"1":{"loc":{"start":{"line":60,"column":2},"end":{"line":62,"column":3}},"type":"if","locations":[{"start":{"line":60,"column":2},"end":{"line":62,"column":3}},{"start":{},"end":{}}],"line":60},"2":{"loc":{"start":{"line":73,"column":2},"end":{"line":79,"column":3}},"type":"if","locations":[{"start":{"line":73,"column":2},"end":{"line":79,"column":3}},{"start":{},"end":{}}],"line":73},"3":{"loc":{"start":{"line":101,"column":2},"end":{"line":107,"column":3}},"type":"if","locations":[{"start":{"line":101,"column":2},"end":{"line":107,"column":3}},{"start":{},"end":{}}],"line":101},"4":{"loc":{"start":{"line":115,"column":2},"end":{"line":121,"column":3}},"type":"if","locations":[{"start":{"line":115,"column":2},"end":{"line":121,"column":3}},{"start":{},"end":{}}],"line":115},"5":{"loc":{"start":{"line":142,"column":4},"end":{"line":144,"column":13}},"type":"binary-expr","locations":[{"start":{"line":142,"column":4},"end":{"line":144,"column":5}},{"start":{"line":144,"column":9},"end":{"line":144,"column":13}}],"line":142},"6":{"loc":{"start":{"line":156,"column":33},"end":{"line":156,"column":66}},"type":"default-arg","locations":[{"start":{"line":156,"column":46},"end":{"line":156,"column":66}}],"line":156}},"s":{"0":3,"1":3,"2":3,"3":51,"4":51,"5":0,"6":51,"7":0,"8":51,"9":39,"10":39,"11":0,"12":39,"13":39,"14":39,"15":12,"16":24,"17":12,"18":0,"19":12,"20":12,"21":12,"22":0,"23":12,"24":12,"25":3,"26":13,"27":27,"28":7,"29":7,"30":21,"31":9,"32":9,"33":27,"34":9,"35":3},"f":{"0":51,"1":39,"2":12,"3":24,"4":3,"5":13,"6":27,"7":7,"8":21,"9":9,"10":27},"b":{"0":[0,51],"1":[0,51],"2":[0,39],"3":[0,12],"4":[0,12],"5":[13,0],"6":[9]},"_coverageSchema":"1a1c01bbd47fc00a2c39e90264f33305004495a9","hash":"714b352710726d9a174ed35f6ee61d3453914b12"}
,"C:\\Users\\xx3\\Desktop\\Grup-2_grupal_chevez\\src\\test\\cliente.js": {"path":"C:\\Users\\xx3\\Desktop\\Grup-2_grupal_chevez\\src\\test\\cliente.js","statementMap":{"0":{"start":{"line":1,"column":27},"end":{"line":23,"column":1}},"1":{"start":{"line":26,"column":18},"end":{"line":26,"column":20}},"2":{"start":{"line":28,"column":2},"end":{"line":30,"column":3}},"3":{"start":{"line":29,"column":4},"end":{"line":29,"column":57}},"4":{"start":{"line":32,"column":2},"end":{"line":34,"column":3}},"5":{"start":{"line":33,"column":4},"end":{"line":33,"column":59}},"6":{"start":{"line":36,"column":2},"end":{"line":38,"column":3}},"7":{"start":{"line":37,"column":4},"end":{"line":37,"column":60}},"8":{"start":{"line":40,"column":2},"end":{"line":43,"column":4}},"9":{"start":{"line":47,"column":21},"end":{"line":47,"column":44}},"10":{"start":{"line":49,"column":2},"end":{"line":55,"column":3}},"11":{"start":{"line":50,"column":4},"end":{"line":54,"column":6}},"12":{"start":{"line":57,"column":28},"end":{"line":62,"column":3}},"13":{"start":{"line":64,"column":2},"end":{"line":64,"column":40}},"14":{"start":{"line":66,"column":2},"end":{"line":70,"column":4}},"15":{"start":{"line":74,"column":26},"end":{"line":76,"column":3}},"16":{"start":{"line":75,"column":17},"end":{"line":75,"column":57}},"17":{"start":{"line":78,"column":2},"end":{"line":84,"column":3}},"18":{"start":{"line":79,"column":4},"end":{"line":83,"column":6}},"19":{"start":{"line":86,"column":29},"end":{"line":86,"column":69}},"20":{"start":{"line":88,"column":2},"end":{"line":92,"column":4}},"21":{"start":{"line":96,"column":2},"end":{"line":99,"column":4}},"22":{"start":{"line":97,"column":36},"end":{"line":97,"column":76}},"23":{"start":{"line":103,"column":19},"end":{"line":103,"column":53}},"24":{"start":{"line":105,"column":2},"end":{"line":107,"column":4}},"25":{"start":{"line":106,"column":4},"end":{"line":106,"column":59}},"26":{"start":{"line":111,"column":2},"end":{"line":111,"column":28}},"27":{"start":{"line":115,"column":24},"end":{"line":115,"column":26}},"28":{"start":{"line":117,"column":2},"end":{"line":119,"column":5}},"29":{"start":{"line":118,"column":4},"end":{"line":118,"column":45}},"30":{"start":{"line":121,"column":2},"end":{"line":121,"column":23}},"31":{"start":{"line":124,"column":0},"end":{"line":133,"column":2}}},"fnMap":{"0":{"name":"validarCliente","decl":{"start":{"line":25,"column":9},"end":{"line":25,"column":23}},"loc":{"start":{"line":25,"column":33},"end":{"line":44,"column":1}},"line":25},"1":{"name":"registrarCliente","decl":{"start":{"line":46,"column":9},"end":{"line":46,"column":25}},"loc":{"start":{"line":46,"column":50},"end":{"line":71,"column":1}},"line":46},"2":{"name":"eliminarCliente","decl":{"start":{"line":73,"column":9},"end":{"line":73,"column":24}},"loc":{"start":{"line":73,"column":51},"end":{"line":93,"column":1}},"line":73},"3":{"name":"(anonymous_3)","decl":{"start":{"line":75,"column":4},"end":{"line":75,"column":5}},"loc":{"start":{"line":75,"column":17},"end":{"line":75,"column":57}},"line":75},"4":{"name":"consultarClientePorId","decl":{"start":{"line":95,"column":9},"end":{"line":95,"column":30}},"loc":{"start":{"line":95,"column":57},"end":{"line":100,"column":1}},"line":95},"5":{"name":"(anonymous_5)","decl":{"start":{"line":97,"column":23},"end":{"line":97,"column":24}},"loc":{"start":{"line":97,"column":36},"end":{"line":97,"column":76}},"line":97},"6":{"name":"buscarClientesPorNombre","decl":{"start":{"line":102,"column":9},"end":{"line":102,"column":32}},"loc":{"start":{"line":102,"column":63},"end":{"line":108,"column":1}},"line":102},"7":{"name":"(anonymous_7)","decl":{"start":{"line":105,"column":30},"end":{"line":105,"column":31}},"loc":{"start":{"line":106,"column":4},"end":{"line":106,"column":59}},"line":106},"8":{"name":"obtenerListadoClientes","decl":{"start":{"line":110,"column":9},"end":{"line":110,"column":31}},"loc":{"start":{"line":110,"column":47},"end":{"line":112,"column":1}},"line":110},"9":{"name":"prepararTablaClientes","decl":{"start":{"line":114,"column":9},"end":{"line":114,"column":30}},"loc":{"start":{"line":114,"column":62},"end":{"line":122,"column":1}},"line":114},"10":{"name":"(anonymous_10)","decl":{"start":{"line":117,"column":19},"end":{"line":117,"column":20}},"loc":{"start":{"line":117,"column":32},"end":{"line":119,"column":3}},"line":117}},"branchMap":{"0":{"loc":{"start":{"line":28,"column":2},"end":{"line":30,"column":3}},"type":"if","locations":[{"start":{"line":28,"column":2},"end":{"line":30,"column":3}},{"start":{},"end":{}}],"line":28},"1":{"loc":{"start":{"line":32,"column":2},"end":{"line":34,"column":3}},"type":"if","locations":[{"start":{"line":32,"column":2},"end":{"line":34,"column":3}},{"start":{},"end":{}}],"line":32},"2":{"loc":{"start":{"line":36,"column":2},"end":{"line":38,"column":3}},"type":"if","locations":[{"start":{"line":36,"column":2},"end":{"line":38,"column":3}},{"start":{},"end":{}}],"line":36},"3":{"loc":{"start":{"line":49,"column":2},"end":{"line":55,"column":3}},"type":"if","locations":[{"start":{"line":49,"column":2},"end":{"line":55,"column":3}},{"start":{},"end":{}}],"line":49},"4":{"loc":{"start":{"line":78,"column":2},"end":{"line":84,"column":3}},"type":"if","locations":[{"start":{"line":78,"column":2},"end":{"line":84,"column":3}},{"start":{},"end":{}}],"line":78},"5":{"loc":{"start":{"line":97,"column":4},"end":{"line":98,"column":8}},"type":"binary-expr","locations":[{"start":{"line":97,"column":4},"end":{"line":97,"column":77}},{"start":{"line":98,"column":4},"end":{"line":98,"column":8}}],"line":97},"6":{"loc":{"start":{"line":114,"column":31},"end":{"line":114,"column":60}},"type":"default-arg","locations":[{"start":{"line":114,"column":42},"end":{"line":114,"column":60}}],"line":114}},"s":{"0":1,"1":15,"2":15,"3":0,"4":15,"5":0,"6":15,"7":0,"8":15,"9":15,"10":15,"11":0,"12":15,"13":15,"14":15,"15":5,"16":12,"17":5,"18":1,"19":4,"20":4,"21":4,"22":7,"23":1,"24":1,"25":2,"26":2,"27":5,"28":5,"29":15,"30":5,"31":1},"f":{"0":15,"1":15,"2":5,"3":12,"4":4,"5":7,"6":1,"7":2,"8":2,"9":5,"10":15},"b":{"0":[0,15],"1":[0,15],"2":[0,15],"3":[0,15],"4":[1,4],"5":[4,2],"6":[5]},"_coverageSchema":"1a1c01bbd47fc00a2c39e90264f33305004495a9","hash":"abb10ac01387d1f7be6fd168fb5a9ae1d666eab3"}
,"C:\\Users\\xx3\\Desktop\\Grup-2_grupal_chevez\\src\\test\\inventario.js": {"path":"C:\\Users\\xx3\\Desktop\\Grup-2_grupal_chevez\\src\\test\\inventario.js","statementMap":{"0":{"start":{"line":1,"column":30},"end":{"line":26,"column":1}},"1":{"start":{"line":28,"column":37},"end":{"line":32,"column":1}},"2":{"start":{"line":35,"column":18},"end":{"line":35,"column":20}},"3":{"start":{"line":36,"column":23},"end":{"line":36,"column":53}},"4":{"start":{"line":38,"column":2},"end":{"line":40,"column":3}},"5":{"start":{"line":39,"column":4},"end":{"line":39,"column":58}},"6":{"start":{"line":42,"column":2},"end":{"line":44,"column":3}},"7":{"start":{"line":43,"column":4},"end":{"line":43,"column":86}},"8":{"start":{"line":46,"column":2},"end":{"line":49,"column":4}},"9":{"start":{"line":53,"column":21},"end":{"line":53,"column":56}},"10":{"start":{"line":55,"column":2},"end":{"line":61,"column":3}},"11":{"start":{"line":56,"column":4},"end":{"line":60,"column":6}},"12":{"start":{"line":63,"column":29},"end":{"line":67,"column":3}},"13":{"start":{"line":69,"column":2},"end":{"line":69,"column":43}},"14":{"start":{"line":71,"column":2},"end":{"line":75,"column":4}},"15":{"start":{"line":79,"column":19},"end":{"line":81,"column":3}},"16":{"start":{"line":80,"column":14},"end":{"line":80,"column":65}},"17":{"start":{"line":82,"column":22},"end":{"line":82,"column":53}},"18":{"start":{"line":84,"column":2},"end":{"line":90,"column":3}},"19":{"start":{"line":85,"column":4},"end":{"line":89,"column":6}},"20":{"start":{"line":92,"column":2},"end":{"line":98,"column":3}},"21":{"start":{"line":93,"column":4},"end":{"line":97,"column":6}},"22":{"start":{"line":100,"column":2},"end":{"line":106,"column":3}},"23":{"start":{"line":101,"column":4},"end":{"line":105,"column":6}},"24":{"start":{"line":108,"column":2},"end":{"line":108,"column":32}},"25":{"start":{"line":110,"column":31},"end":{"line":116,"column":3}},"26":{"start":{"line":118,"column":2},"end":{"line":118,"column":46}},"27":{"start":{"line":120,"column":2},"end":{"line":124,"column":4}},"28":{"start":{"line":128,"column":2},"end":{"line":131,"column":4}},"29":{"start":{"line":129,"column":39},"end":{"line":129,"column":82}},"30":{"start":{"line":135,"column":19},"end":{"line":135,"column":53}},"31":{"start":{"line":137,"column":2},"end":{"line":139,"column":4}},"32":{"start":{"line":138,"column":4},"end":{"line":138,"column":61}},"33":{"start":{"line":143,"column":2},"end":{"line":143,"column":30}},"34":{"start":{"line":147,"column":26},"end":{"line":147,"column":28}},"35":{"start":{"line":148,"column":27},"end":{"line":148,"column":29}},"36":{"start":{"line":150,"column":2},"end":{"line":159,"column":5}},"37":{"start":{"line":151,"column":21},"end":{"line":151,"column":75}},"38":{"start":{"line":153,"column":4},"end":{"line":158,"column":5}},"39":{"start":{"line":154,"column":6},"end":{"line":157,"column":9}},"40":{"start":{"line":161,"column":2},"end":{"line":164,"column":4}},"41":{"start":{"line":167,"column":0},"end":{"line":177,"column":2}}},"fnMap":{"0":{"name":"validarProductoInventario","decl":{"start":{"line":34,"column":9},"end":{"line":34,"column":34}},"loc":{"start":{"line":34,"column":45},"end":{"line":50,"column":1}},"line":34},"1":{"name":"registrarProductoInventario","decl":{"start":{"line":52,"column":9},"end":{"line":52,"column":36}},"loc":{"start":{"line":52,"column":64},"end":{"line":76,"column":1}},"line":52},"2":{"name":"aplicarMovimientoStock","decl":{"start":{"line":78,"column":9},"end":{"line":78,"column":31}},"loc":{"start":{"line":78,"column":79},"end":{"line":125,"column":1}},"line":78},"3":{"name":"(anonymous_3)","decl":{"start":{"line":80,"column":4},"end":{"line":80,"column":5}},"loc":{"start":{"line":80,"column":14},"end":{"line":80,"column":65}},"line":80},"4":{"name":"consultarInventarioPorId","decl":{"start":{"line":127,"column":9},"end":{"line":127,"column":33}},"loc":{"start":{"line":127,"column":63},"end":{"line":132,"column":1}},"line":127},"5":{"name":"(anonymous_5)","decl":{"start":{"line":129,"column":25},"end":{"line":129,"column":26}},"loc":{"start":{"line":129,"column":39},"end":{"line":129,"column":82}},"line":129},"6":{"name":"buscarInventarioPorNombre","decl":{"start":{"line":134,"column":9},"end":{"line":134,"column":34}},"loc":{"start":{"line":134,"column":67},"end":{"line":140,"column":1}},"line":134},"7":{"name":"(anonymous_7)","decl":{"start":{"line":137,"column":32},"end":{"line":137,"column":33}},"loc":{"start":{"line":138,"column":4},"end":{"line":138,"column":61}},"line":138},"8":{"name":"obtenerListadoInventario","decl":{"start":{"line":142,"column":9},"end":{"line":142,"column":33}},"loc":{"start":{"line":142,"column":51},"end":{"line":144,"column":1}},"line":142},"9":{"name":"prepararTablasInventario","decl":{"start":{"line":146,"column":9},"end":{"line":146,"column":33}},"loc":{"start":{"line":146,"column":69},"end":{"line":165,"column":1}},"line":146},"10":{"name":"(anonymous_10)","decl":{"start":{"line":150,"column":20},"end":{"line":150,"column":21}},"loc":{"start":{"line":150,"column":34},"end":{"line":159,"column":3}},"line":150}},"branchMap":{"0":{"loc":{"start":{"line":38,"column":2},"end":{"line":40,"column":3}},"type":"if","locations":[{"start":{"line":38,"column":2},"end":{"line":40,"column":3}},{"start":{},"end":{}}],"line":38},"1":{"loc":{"start":{"line":42,"column":2},"end":{"line":44,"column":3}},"type":"if","locations":[{"start":{"line":42,"column":2},"end":{"line":44,"column":3}},{"start":{},"end":{}}],"line":42},"2":{"loc":{"start":{"line":42,"column":6},"end":{"line":42,"column":57}},"type":"binary-expr","locations":[{"start":{"line":42,"column":6},"end":{"line":42,"column":37}},{"start":{"line":42,"column":41},"end":{"line":42,"column":57}}],"line":42},"3":{"loc":{"start":{"line":55,"column":2},"end":{"line":61,"column":3}},"type":"if","locations":[{"start":{"line":55,"column":2},"end":{"line":61,"column":3}},{"start":{},"end":{}}],"line":55},"4":{"loc":{"start":{"line":84,"column":2},"end":{"line":90,"column":3}},"type":"if","locations":[{"start":{"line":84,"column":2},"end":{"line":90,"column":3}},{"start":{},"end":{}}],"line":84},"5":{"loc":{"start":{"line":92,"column":2},"end":{"line":98,"column":3}},"type":"if","locations":[{"start":{"line":92,"column":2},"end":{"line":98,"column":3}},{"start":{},"end":{}}],"line":92},"6":{"loc":{"start":{"line":92,"column":6},"end":{"line":92,"column":57}},"type":"binary-expr","locations":[{"start":{"line":92,"column":6},"end":{"line":92,"column":36}},{"start":{"line":92,"column":40},"end":{"line":92,"column":57}}],"line":92},"7":{"loc":{"start":{"line":100,"column":2},"end":{"line":106,"column":3}},"type":"if","locations":[{"start":{"line":100,"column":2},"end":{"line":106,"column":3}},{"start":{},"end":{}}],"line":100},"8":{"loc":{"start":{"line":129,"column":4},"end":{"line":130,"column":8}},"type":"binary-expr","locations":[{"start":{"line":129,"column":4},"end":{"line":129,"column":83}},{"start":{"line":130,"column":4},"end":{"line":130,"column":8}}],"line":129},"9":{"loc":{"start":{"line":146,"column":34},"end":{"line":146,"column":67}},"type":"default-arg","locations":[{"start":{"line":146,"column":46},"end":{"line":146,"column":67}}],"line":146},"10":{"loc":{"start":{"line":153,"column":4},"end":{"line":158,"column":5}},"type":"if","locations":[{"start":{"line":153,"column":4},"end":{"line":158,"column":5}},{"start":{},"end":{}}],"line":153}},"s":{"0":1,"1":1,"2":18,"3":18,"4":18,"5":0,"6":18,"7":0,"8":18,"9":18,"10":18,"11":0,"12":18,"13":18,"14":18,"15":19,"16":37,"17":19,"18":19,"19":0,"20":19,"21":0,"22":19,"23":1,"24":18,"25":18,"26":18,"27":18,"28":3,"29":6,"30":3,"31":3,"32":9,"33":1,"34":5,"35":5,"36":5,"37":15,"38":15,"39":15,"40":5,"41":1},"f":{"0":18,"1":18,"2":19,"3":37,"4":3,"5":6,"6":3,"7":9,"8":1,"9":5,"10":15},"b":{"0":[0,18],"1":[0,18],"2":[18,18],"3":[0,18],"4":[0,19],"5":[0,19],"6":[19,19],"7":[1,18],"8":[3,0],"9":[5],"10":[15,0]},"_coverageSchema":"1a1c01bbd47fc00a2c39e90264f33305004495a9","hash":"b374fdc976ae0e361c3d416153043e7deabf73e7"}
,"C:\\Users\\xx3\\Desktop\\Grup-2_grupal_chevez\\src\\test\\producto.js": {"path":"C:\\Users\\xx3\\Desktop\\Grup-2_grupal_chevez\\src\\test\\producto.js","statementMap":{"0":{"start":{"line":1,"column":27},"end":{"line":5,"column":1}},"1":{"start":{"line":7,"column":28},"end":{"line":29,"column":1}},"2":{"start":{"line":31,"column":25},"end":{"line":37,"column":1}},"3":{"start":{"line":39,"column":29},"end":{"line":64,"column":1}},"4":{"start":{"line":67,"column":18},"end":{"line":67,"column":20}},"5":{"start":{"line":68,"column":17},"end":{"line":68,"column":46}},"6":{"start":{"line":69,"column":16},"end":{"line":69,"column":38}},"7":{"start":{"line":70,"column":26},"end":{"line":72,"column":3}},"8":{"start":{"line":71,"column":19},"end":{"line":71,"column":81}},"9":{"start":{"line":74,"column":2},"end":{"line":76,"column":3}},"10":{"start":{"line":75,"column":4},"end":{"line":75,"column":58}},"11":{"start":{"line":78,"column":2},"end":{"line":80,"column":3}},"12":{"start":{"line":79,"column":4},"end":{"line":79,"column":56}},"13":{"start":{"line":82,"column":2},"end":{"line":84,"column":3}},"14":{"start":{"line":83,"column":4},"end":{"line":83,"column":64}},"15":{"start":{"line":86,"column":2},"end":{"line":88,"column":3}},"16":{"start":{"line":87,"column":4},"end":{"line":87,"column":78}},"17":{"start":{"line":90,"column":2},"end":{"line":93,"column":4}},"18":{"start":{"line":97,"column":21},"end":{"line":97,"column":58}},"19":{"start":{"line":99,"column":2},"end":{"line":105,"column":3}},"20":{"start":{"line":100,"column":4},"end":{"line":104,"column":6}},"21":{"start":{"line":107,"column":20},"end":{"line":109,"column":3}},"22":{"start":{"line":108,"column":14},"end":{"line":108,"column":71}},"23":{"start":{"line":111,"column":29},"end":{"line":118,"column":3}},"24":{"start":{"line":120,"column":2},"end":{"line":120,"column":41}},"25":{"start":{"line":122,"column":2},"end":{"line":126,"column":4}},"26":{"start":{"line":130,"column":27},"end":{"line":132,"column":3}},"27":{"start":{"line":131,"column":18},"end":{"line":131,"column":61}},"28":{"start":{"line":134,"column":2},"end":{"line":140,"column":3}},"29":{"start":{"line":135,"column":4},"end":{"line":139,"column":6}},"30":{"start":{"line":142,"column":30},"end":{"line":145,"column":3}},"31":{"start":{"line":146,"column":21},"end":{"line":146,"column":69}},"32":{"start":{"line":148,"column":2},"end":{"line":154,"column":3}},"33":{"start":{"line":149,"column":4},"end":{"line":153,"column":6}},"34":{"start":{"line":156,"column":20},"end":{"line":158,"column":3}},"35":{"start":{"line":157,"column":14},"end":{"line":157,"column":82}},"36":{"start":{"line":160,"column":2},"end":{"line":167,"column":4}},"37":{"start":{"line":169,"column":2},"end":{"line":173,"column":4}},"38":{"start":{"line":177,"column":2},"end":{"line":177,"column":28}},"39":{"start":{"line":181,"column":19},"end":{"line":181,"column":53}},"40":{"start":{"line":183,"column":2},"end":{"line":185,"column":4}},"41":{"start":{"line":184,"column":4},"end":{"line":184,"column":61}},"42":{"start":{"line":189,"column":2},"end":{"line":192,"column":4}},"43":{"start":{"line":190,"column":37},"end":{"line":190,"column":80}},"44":{"start":{"line":196,"column":24},"end":{"line":196,"column":26}},"45":{"start":{"line":198,"column":2},"end":{"line":200,"column":5}},"46":{"start":{"line":199,"column":4},"end":{"line":199,"column":67}},"47":{"start":{"line":202,"column":2},"end":{"line":202,"column":23}},"48":{"start":{"line":205,"column":0},"end":{"line":217,"column":2}}},"fnMap":{"0":{"name":"validarProducto","decl":{"start":{"line":66,"column":9},"end":{"line":66,"column":24}},"loc":{"start":{"line":66,"column":68},"end":{"line":94,"column":1}},"line":66},"1":{"name":"(anonymous_1)","decl":{"start":{"line":71,"column":4},"end":{"line":71,"column":5}},"loc":{"start":{"line":71,"column":19},"end":{"line":71,"column":81}},"line":71},"2":{"name":"registrarProducto","decl":{"start":{"line":96,"column":9},"end":{"line":96,"column":26}},"loc":{"start":{"line":96,"column":85},"end":{"line":127,"column":1}},"line":96},"3":{"name":"(anonymous_3)","decl":{"start":{"line":108,"column":4},"end":{"line":108,"column":5}},"loc":{"start":{"line":108,"column":14},"end":{"line":108,"column":71}},"line":108},"4":{"name":"editarProducto","decl":{"start":{"line":129,"column":9},"end":{"line":129,"column":23}},"loc":{"start":{"line":129,"column":97},"end":{"line":174,"column":1}},"line":129},"5":{"name":"(anonymous_5)","decl":{"start":{"line":131,"column":4},"end":{"line":131,"column":5}},"loc":{"start":{"line":131,"column":18},"end":{"line":131,"column":61}},"line":131},"6":{"name":"(anonymous_6)","decl":{"start":{"line":157,"column":4},"end":{"line":157,"column":5}},"loc":{"start":{"line":157,"column":14},"end":{"line":157,"column":82}},"line":157},"7":{"name":"obtenerListadoProductos","decl":{"start":{"line":176,"column":9},"end":{"line":176,"column":32}},"loc":{"start":{"line":176,"column":48},"end":{"line":178,"column":1}},"line":176},"8":{"name":"buscarProductosPorNombre","decl":{"start":{"line":180,"column":9},"end":{"line":180,"column":33}},"loc":{"start":{"line":180,"column":64},"end":{"line":186,"column":1}},"line":180},"9":{"name":"(anonymous_9)","decl":{"start":{"line":183,"column":30},"end":{"line":183,"column":31}},"loc":{"start":{"line":184,"column":4},"end":{"line":184,"column":61}},"line":184},"10":{"name":"consultarProductoPorId","decl":{"start":{"line":188,"column":9},"end":{"line":188,"column":31}},"loc":{"start":{"line":188,"column":59},"end":{"line":193,"column":1}},"line":188},"11":{"name":"(anonymous_11)","decl":{"start":{"line":190,"column":23},"end":{"line":190,"column":24}},"loc":{"start":{"line":190,"column":37},"end":{"line":190,"column":80}},"line":190},"12":{"name":"prepararTablaProducto","decl":{"start":{"line":195,"column":9},"end":{"line":195,"column":30}},"loc":{"start":{"line":195,"column":64},"end":{"line":203,"column":1}},"line":195},"13":{"name":"(anonymous_13)","decl":{"start":{"line":198,"column":20},"end":{"line":198,"column":21}},"loc":{"start":{"line":198,"column":34},"end":{"line":200,"column":3}},"line":198}},"branchMap":{"0":{"loc":{"start":{"line":66,"column":35},"end":{"line":66,"column":66}},"type":"default-arg","locations":[{"start":{"line":66,"column":48},"end":{"line":66,"column":66}}],"line":66},"1":{"loc":{"start":{"line":74,"column":2},"end":{"line":76,"column":3}},"type":"if","locations":[{"start":{"line":74,"column":2},"end":{"line":76,"column":3}},{"start":{},"end":{}}],"line":74},"2":{"loc":{"start":{"line":78,"column":2},"end":{"line":80,"column":3}},"type":"if","locations":[{"start":{"line":78,"column":2},"end":{"line":80,"column":3}},{"start":{},"end":{}}],"line":78},"3":{"loc":{"start":{"line":82,"column":2},"end":{"line":84,"column":3}},"type":"if","locations":[{"start":{"line":82,"column":2},"end":{"line":84,"column":3}},{"start":{},"end":{}}],"line":82},"4":{"loc":{"start":{"line":82,"column":6},"end":{"line":82,"column":45}},"type":"binary-expr","locations":[{"start":{"line":82,"column":6},"end":{"line":82,"column":30}},{"start":{"line":82,"column":34},"end":{"line":82,"column":45}}],"line":82},"5":{"loc":{"start":{"line":86,"column":2},"end":{"line":88,"column":3}},"type":"if","locations":[{"start":{"line":86,"column":2},"end":{"line":88,"column":3}},{"start":{},"end":{}}],"line":86},"6":{"loc":{"start":{"line":86,"column":6},"end":{"line":86,"column":43}},"type":"binary-expr","locations":[{"start":{"line":86,"column":6},"end":{"line":86,"column":30}},{"start":{"line":86,"column":34},"end":{"line":86,"column":43}}],"line":86},"7":{"loc":{"start":{"line":96,"column":52},"end":{"line":96,"column":83}},"type":"default-arg","locations":[{"start":{"line":96,"column":65},"end":{"line":96,"column":83}}],"line":96},"8":{"loc":{"start":{"line":99,"column":2},"end":{"line":105,"column":3}},"type":"if","locations":[{"start":{"line":99,"column":2},"end":{"line":105,"column":3}},{"start":{},"end":{}}],"line":99},"9":{"loc":{"start":{"line":129,"column":64},"end":{"line":129,"column":95}},"type":"default-arg","locations":[{"start":{"line":129,"column":77},"end":{"line":129,"column":95}}],"line":129},"10":{"loc":{"start":{"line":134,"column":2},"end":{"line":140,"column":3}},"type":"if","locations":[{"start":{"line":134,"column":2},"end":{"line":140,"column":3}},{"start":{},"end":{}}],"line":134},"11":{"loc":{"start":{"line":148,"column":2},"end":{"line":154,"column":3}},"type":"if","locations":[{"start":{"line":148,"column":2},"end":{"line":154,"column":3}},{"start":{},"end":{}}],"line":148},"12":{"loc":{"start":{"line":190,"column":4},"end":{"line":191,"column":8}},"type":"binary-expr","locations":[{"start":{"line":190,"column":4},"end":{"line":190,"column":81}},{"start":{"line":191,"column":4},"end":{"line":191,"column":8}}],"line":190},"13":{"loc":{"start":{"line":195,"column":31},"end":{"line":195,"column":62}},"type":"default-arg","locations":[{"start":{"line":195,"column":43},"end":{"line":195,"column":62}}],"line":195}},"s":{"0":3,"1":3,"2":3,"3":3,"4":47,"5":47,"6":47,"7":47,"8":96,"9":47,"10":2,"11":47,"12":2,"13":47,"14":2,"15":47,"16":2,"17":47,"18":34,"19":34,"20":1,"21":33,"22":66,"23":33,"24":33,"25":33,"26":12,"27":24,"28":12,"29":0,"30":12,"31":12,"32":12,"33":0,"34":12,"35":24,"36":12,"37":12,"38":4,"39":2,"40":2,"41":6,"42":9,"43":18,"44":9,"45":9,"46":27,"47":9,"48":3},"f":{"0":47,"1":96,"2":34,"3":66,"4":12,"5":24,"6":24,"7":4,"8":2,"9":6,"10":9,"11":18,"12":9,"13":27},"b":{"0":[0],"1":[2,45],"2":[2,45],"3":[2,45],"4":[47,47],"5":[2,45],"6":[47,45],"7":[0],"8":[1,33],"9":[12],"10":[0,12],"11":[0,12],"12":[9,0],"13":[9]},"_coverageSchema":"1a1c01bbd47fc00a2c39e90264f33305004495a9","hash":"78c5280e87da0a9d8fbb8cbb656c345ee438a941"}
,"C:\\Users\\xx3\\Desktop\\Grup-2_grupal_chevez\\src\\test\\venta.js": {"path":"C:\\Users\\xx3\\Desktop\\Grup-2_grupal_chevez\\src\\test\\venta.js","statementMap":{"0":{"start":{"line":1,"column":23},"end":{"line":20,"column":1}},"1":{"start":{"line":22,"column":25},"end":{"line":47,"column":1}},"2":{"start":{"line":49,"column":22},"end":{"line":56,"column":1}},"3":{"start":{"line":59,"column":2},"end":{"line":59,"column":56}},"4":{"start":{"line":59,"column":38},"end":{"line":59,"column":53}},"5":{"start":{"line":63,"column":18},"end":{"line":63,"column":20}},"6":{"start":{"line":64,"column":19},"end":{"line":66,"column":3}},"7":{"start":{"line":65,"column":14},"end":{"line":65,"column":62}},"8":{"start":{"line":67,"column":19},"end":{"line":67,"column":43}},"9":{"start":{"line":68,"column":17},"end":{"line":68,"column":39}},"10":{"start":{"line":70,"column":2},"end":{"line":72,"column":3}},"11":{"start":{"line":71,"column":4},"end":{"line":71,"column":55}},"12":{"start":{"line":74,"column":2},"end":{"line":76,"column":3}},"13":{"start":{"line":75,"column":4},"end":{"line":75,"column":73}},"14":{"start":{"line":78,"column":2},"end":{"line":80,"column":3}},"15":{"start":{"line":79,"column":4},"end":{"line":79,"column":64}},"16":{"start":{"line":82,"column":2},"end":{"line":84,"column":3}},"17":{"start":{"line":83,"column":4},"end":{"line":83,"column":59}},"18":{"start":{"line":86,"column":2},"end":{"line":90,"column":4}},"19":{"start":{"line":94,"column":2},"end":{"line":94,"column":59}},"20":{"start":{"line":98,"column":21},"end":{"line":98,"column":68}},"21":{"start":{"line":100,"column":2},"end":{"line":108,"column":3}},"22":{"start":{"line":101,"column":4},"end":{"line":107,"column":6}},"23":{"start":{"line":110,"column":16},"end":{"line":110,"column":43}},"24":{"start":{"line":111,"column":18},"end":{"line":111,"column":42}},"25":{"start":{"line":112,"column":29},"end":{"line":112,"column":48}},"26":{"start":{"line":114,"column":16},"end":{"line":118,"column":3}},"27":{"start":{"line":120,"column":23},"end":{"line":128,"column":3}},"28":{"start":{"line":130,"column":21},"end":{"line":135,"column":3}},"29":{"start":{"line":137,"column":2},"end":{"line":137,"column":55}},"30":{"start":{"line":138,"column":2},"end":{"line":138,"column":28}},"31":{"start":{"line":139,"column":2},"end":{"line":139,"column":42}},"32":{"start":{"line":140,"column":2},"end":{"line":140,"column":38}},"33":{"start":{"line":142,"column":2},"end":{"line":148,"column":4}},"34":{"start":{"line":152,"column":2},"end":{"line":157,"column":4}},"35":{"start":{"line":160,"column":0},"end":{"line":169,"column":2}}},"fnMap":{"0":{"name":"prepararInventario","decl":{"start":{"line":58,"column":9},"end":{"line":58,"column":27}},"loc":{"start":{"line":58,"column":56},"end":{"line":60,"column":1}},"line":58},"1":{"name":"(anonymous_1)","decl":{"start":{"line":59,"column":23},"end":{"line":59,"column":24}},"loc":{"start":{"line":59,"column":38},"end":{"line":59,"column":53}},"line":59},"2":{"name":"validarDetalleVenta","decl":{"start":{"line":62,"column":9},"end":{"line":62,"column":28}},"loc":{"start":{"line":62,"column":50},"end":{"line":91,"column":1}},"line":62},"3":{"name":"(anonymous_3)","decl":{"start":{"line":65,"column":4},"end":{"line":65,"column":5}},"loc":{"start":{"line":65,"column":14},"end":{"line":65,"column":62}},"line":65},"4":{"name":"calcularTotalVenta","decl":{"start":{"line":93,"column":9},"end":{"line":93,"column":27}},"loc":{"start":{"line":93,"column":37},"end":{"line":95,"column":1}},"line":93},"5":{"name":"registrarVenta","decl":{"start":{"line":97,"column":9},"end":{"line":97,"column":23}},"loc":{"start":{"line":97,"column":41},"end":{"line":149,"column":1}},"line":97},"6":{"name":"prepararTablasVenta","decl":{"start":{"line":151,"column":9},"end":{"line":151,"column":28}},"loc":{"start":{"line":151,"column":31},"end":{"line":158,"column":1}},"line":151}},"branchMap":{"0":{"loc":{"start":{"line":58,"column":28},"end":{"line":58,"column":54}},"type":"default-arg","locations":[{"start":{"line":58,"column":40},"end":{"line":58,"column":54}}],"line":58},"1":{"loc":{"start":{"line":70,"column":2},"end":{"line":72,"column":3}},"type":"if","locations":[{"start":{"line":70,"column":2},"end":{"line":72,"column":3}},{"start":{},"end":{}}],"line":70},"2":{"loc":{"start":{"line":74,"column":2},"end":{"line":76,"column":3}},"type":"if","locations":[{"start":{"line":74,"column":2},"end":{"line":76,"column":3}},{"start":{},"end":{}}],"line":74},"3":{"loc":{"start":{"line":74,"column":6},"end":{"line":74,"column":50}},"type":"binary-expr","locations":[{"start":{"line":74,"column":6},"end":{"line":74,"column":33}},{"start":{"line":74,"column":37},"end":{"line":74,"column":50}}],"line":74},"4":{"loc":{"start":{"line":78,"column":2},"end":{"line":80,"column":3}},"type":"if","locations":[{"start":{"line":78,"column":2},"end":{"line":80,"column":3}},{"start":{},"end":{}}],"line":78},"5":{"loc":{"start":{"line":78,"column":6},"end":{"line":78,"column":45}},"type":"binary-expr","locations":[{"start":{"line":78,"column":6},"end":{"line":78,"column":30}},{"start":{"line":78,"column":34},"end":{"line":78,"column":45}}],"line":78},"6":{"loc":{"start":{"line":82,"column":2},"end":{"line":84,"column":3}},"type":"if","locations":[{"start":{"line":82,"column":2},"end":{"line":84,"column":3}},{"start":{},"end":{}}],"line":82},"7":{"loc":{"start":{"line":82,"column":6},"end":{"line":82,"column":43}},"type":"binary-expr","locations":[{"start":{"line":82,"column":6},"end":{"line":82,"column":14}},{"start":{"line":82,"column":18},"end":{"line":82,"column":43}}],"line":82},"8":{"loc":{"start":{"line":100,"column":2},"end":{"line":108,"column":3}},"type":"if","locations":[{"start":{"line":100,"column":2},"end":{"line":108,"column":3}},{"start":{},"end":{}}],"line":100}},"s":{"0":1,"1":1,"2":1,"3":6,"4":18,"5":13,"6":13,"7":25,"8":13,"9":13,"10":13,"11":0,"12":13,"13":0,"14":13,"15":0,"16":13,"17":1,"18":13,"19":15,"20":13,"21":13,"22":1,"23":12,"24":12,"25":12,"26":12,"27":12,"28":12,"29":12,"30":12,"31":12,"32":12,"33":12,"34":6,"35":1},"f":{"0":6,"1":18,"2":13,"3":25,"4":15,"5":13,"6":6},"b":{"0":[6],"1":[0,13],"2":[0,13],"3":[13,13],"4":[0,13],"5":[13,13],"6":[1,12],"7":[13,13],"8":[1,12]},"_coverageSchema":"1a1c01bbd47fc00a2c39e90264f33305004495a9","hash":"22ce48d48403a64526afd5d336d6a495ef4fa2b4"}
}
