TN:
SF:src\test\categoria.js
FN:53,validarCategoria
FN:70,registrarCategoria
FN:96,editarCategoria
FN:98,(anonymous_3)
FN:136,obtenerListadoCategorias
FN:140,consultarCategoriaPorId
FN:143,(anonymous_6)
FN:148,buscarCategoriasPorNombre
FN:151,(anonymous_8)
FN:156,prepararTablaCategorias
FN:159,(anonymous_10)
FNF:11
FNH:11
FNDA:51,validarCategoria
FNDA:39,registrarCategoria
FNDA:12,editarCategoria
FNDA:24,(anonymous_3)
FNDA:3,obtenerListadoCategorias
FNDA:13,consultarCategoriaPorId
FNDA:27,(anonymous_6)
FNDA:7,buscarCategoriasPorNombre
FNDA:21,(anonymous_8)
FNDA:9,prepararTablaCategorias
FNDA:27,(anonymous_10)
DA:1,3
DA:22,3
DA:29,3
DA:54,51
DA:56,51
DA:57,0
DA:60,51
DA:61,0
DA:64,51
DA:71,39
DA:73,39
DA:74,0
DA:81,39
DA:87,39
DA:89,39
DA:97,12
DA:98,24
DA:101,12
DA:102,0
DA:109,12
DA:113,12
DA:115,12
DA:116,0
DA:123,12
DA:129,12
DA:137,3
DA:141,13
DA:143,27
DA:149,7
DA:151,7
DA:152,21
DA:157,9
DA:159,9
DA:160,27
DA:163,9
DA:166,3
LF:36
LH:31
BRDA:56,0,0,0
BRDA:56,0,1,51
BRDA:60,1,0,0
BRDA:60,1,1,51
BRDA:73,2,0,0
BRDA:73,2,1,39
BRDA:101,3,0,0
BRDA:101,3,1,12
BRDA:115,4,0,0
BRDA:115,4,1,12
BRDA:142,5,0,13
BRDA:142,5,1,0
BRDA:156,6,0,9
BRF:13
BRH:7
end_of_record
TN:
SF:src\test\cliente.js
FN:25,validarCliente
FN:46,registrarCliente
FN:73,eliminarCliente
FN:75,(anonymous_3)
FN:95,consultarClientePorId
FN:97,(anonymous_5)
FN:102,buscarClientesPorNombre
FN:105,(anonymous_7)
FN:110,obtenerListadoClientes
FN:114,prepararTablaClientes
FN:117,(anonymous_10)
FNF:11
FNH:11
FNDA:15,validarCliente
FNDA:15,registrarCliente
FNDA:5,eliminarCliente
FNDA:12,(anonymous_3)
FNDA:4,consultarClientePorId
FNDA:7,(anonymous_5)
FNDA:1,buscarClientesPorNombre
FNDA:2,(anonymous_7)
FNDA:2,obtenerListadoClientes
FNDA:5,prepararTablaClientes
FNDA:15,(anonymous_10)
DA:1,1
DA:26,15
DA:28,15
DA:29,0
DA:32,15
DA:33,0
DA:36,15
DA:37,0
DA:40,15
DA:47,15
DA:49,15
DA:50,0
DA:57,15
DA:64,15
DA:66,15
DA:74,5
DA:75,12
DA:78,5
DA:79,1
DA:86,4
DA:88,4
DA:96,4
DA:97,7
DA:103,1
DA:105,1
DA:106,2
DA:111,2
DA:115,5
DA:117,5
DA:118,15
DA:121,5
DA:124,1
LF:32
LH:28
BRDA:28,0,0,0
BRDA:28,0,1,15
BRDA:32,1,0,0
BRDA:32,1,1,15
BRDA:36,2,0,0
BRDA:36,2,1,15
BRDA:49,3,0,0
BRDA:49,3,1,15
BRDA:78,4,0,1
BRDA:78,4,1,4
BRDA:97,5,0,4
BRDA:97,5,1,2
BRDA:114,6,0,5
BRF:13
BRH:9
end_of_record
TN:
SF:src\test\inventario.js
FN:34,validarProductoInventario
FN:52,registrarProductoInventario
FN:78,aplicarMovimientoStock
FN:80,(anonymous_3)
FN:127,consultarInventarioPorId
FN:129,(anonymous_5)
FN:134,buscarInventarioPorNombre
FN:137,(anonymous_7)
FN:142,obtenerListadoInventario
FN:146,prepararTablasInventario
FN:150,(anonymous_10)
FNF:11
FNH:11
FNDA:18,validarProductoInventario
FNDA:18,registrarProductoInventario
FNDA:19,aplicarMovimientoStock
FNDA:37,(anonymous_3)
FNDA:3,consultarInventarioPorId
FNDA:6,(anonymous_5)
FNDA:3,buscarInventarioPorNombre
FNDA:9,(anonymous_7)
FNDA:1,obtenerListadoInventario
FNDA:5,prepararTablasInventario
FNDA:15,(anonymous_10)
DA:1,1
DA:28,1
DA:35,18
DA:36,18
DA:38,18
DA:39,0
DA:42,18
DA:43,0
DA:46,18
DA:53,18
DA:55,18
DA:56,0
DA:63,18
DA:69,18
DA:71,18
DA:79,19
DA:80,37
DA:82,19
DA:84,19
DA:85,0
DA:92,19
DA:93,0
DA:100,19
DA:101,1
DA:108,18
DA:110,18
DA:118,18
DA:120,18
DA:128,3
DA:129,6
DA:135,3
DA:137,3
DA:138,9
DA:143,1
DA:147,5
DA:148,5
DA:150,5
DA:151,15
DA:153,15
DA:154,15
DA:161,5
DA:167,1
LF:42
LH:37
BRDA:38,0,0,0
BRDA:38,0,1,18
BRDA:42,1,0,0
BRDA:42,1,1,18
BRDA:42,2,0,18
BRDA:42,2,1,18
BRDA:55,3,0,0
BRDA:55,3,1,18
BRDA:84,4,0,0
BRDA:84,4,1,19
BRDA:92,5,0,0
BRDA:92,5,1,19
BRDA:92,6,0,19
BRDA:92,6,1,19
BRDA:100,7,0,1
BRDA:100,7,1,18
BRDA:129,8,0,3
BRDA:129,8,1,0
BRDA:146,9,0,5
BRDA:153,10,0,15
BRDA:153,10,1,0
BRF:21
BRH:14
end_of_record
TN:
SF:src\test\producto.js
FN:66,validarProducto
FN:71,(anonymous_1)
FN:96,registrarProducto
FN:108,(anonymous_3)
FN:129,editarProducto
FN:131,(anonymous_5)
FN:157,(anonymous_6)
FN:176,obtenerListadoProductos
FN:180,buscarProductosPorNombre
FN:183,(anonymous_9)
FN:188,consultarProductoPorId
FN:190,(anonymous_11)
FN:195,prepararTablaProducto
FN:198,(anonymous_13)
FNF:14
FNH:14
FNDA:47,validarProducto
FNDA:96,(anonymous_1)
FNDA:34,registrarProducto
FNDA:66,(anonymous_3)
FNDA:12,editarProducto
FNDA:24,(anonymous_5)
FNDA:24,(anonymous_6)
FNDA:4,obtenerListadoProductos
FNDA:2,buscarProductosPorNombre
FNDA:6,(anonymous_9)
FNDA:9,consultarProductoPorId
FNDA:18,(anonymous_11)
FNDA:9,prepararTablaProducto
FNDA:27,(anonymous_13)
DA:1,3
DA:7,3
DA:31,3
DA:39,3
DA:67,47
DA:68,47
DA:69,47
DA:70,47
DA:71,96
DA:74,47
DA:75,2
DA:78,47
DA:79,2
DA:82,47
DA:83,2
DA:86,47
DA:87,2
DA:90,47
DA:97,34
DA:99,34
DA:100,1
DA:107,33
DA:108,66
DA:111,33
DA:120,33
DA:122,33
DA:130,12
DA:131,24
DA:134,12
DA:135,0
DA:142,12
DA:146,12
DA:148,12
DA:149,0
DA:156,12
DA:157,24
DA:160,12
DA:169,12
DA:177,4
DA:181,2
DA:183,2
DA:184,6
DA:189,9
DA:190,18
DA:196,9
DA:198,9
DA:199,27
DA:202,9
DA:205,3
LF:49
LH:47
BRDA:66,0,0,0
BRDA:74,1,0,2
BRDA:74,1,1,45
BRDA:78,2,0,2
BRDA:78,2,1,45
BRDA:82,3,0,2
BRDA:82,3,1,45
BRDA:82,4,0,47
BRDA:82,4,1,47
BRDA:86,5,0,2
BRDA:86,5,1,45
BRDA:86,6,0,47
BRDA:86,6,1,45
BRDA:96,7,0,0
BRDA:99,8,0,1
BRDA:99,8,1,33
BRDA:129,9,0,12
BRDA:134,10,0,0
BRDA:134,10,1,12
BRDA:148,11,0,0
BRDA:148,11,1,12
BRDA:190,12,0,9
BRDA:190,12,1,0
BRDA:195,13,0,9
BRF:24
BRH:19
end_of_record
TN:
SF:src\test\venta.js
FN:58,prepararInventario
FN:59,(anonymous_1)
FN:62,validarDetalleVenta
FN:65,(anonymous_3)
FN:93,calcularTotalVenta
FN:97,registrarVenta
FN:151,prepararTablasVenta
FNF:7
FNH:7
FNDA:6,prepararInventario
FNDA:18,(anonymous_1)
FNDA:13,validarDetalleVenta
FNDA:25,(anonymous_3)
FNDA:15,calcularTotalVenta
FNDA:13,registrarVenta
FNDA:6,prepararTablasVenta
DA:1,1
DA:22,1
DA:49,1
DA:59,18
DA:63,13
DA:64,13
DA:65,25
DA:67,13
DA:68,13
DA:70,13
DA:71,0
DA:74,13
DA:75,0
DA:78,13
DA:79,0
DA:82,13
DA:83,1
DA:86,13
DA:94,15
DA:98,13
DA:100,13
DA:101,1
DA:110,12
DA:111,12
DA:112,12
DA:114,12
DA:120,12
DA:130,12
DA:137,12
DA:138,12
DA:139,12
DA:140,12
DA:142,12
DA:152,6
DA:160,1
LF:35
LH:32
BRDA:58,0,0,6
BRDA:70,1,0,0
BRDA:70,1,1,13
BRDA:74,2,0,0
BRDA:74,2,1,13
BRDA:74,3,0,13
BRDA:74,3,1,13
BRDA:78,4,0,0
BRDA:78,4,1,13
BRDA:78,5,0,13
BRDA:78,5,1,13
BRDA:82,6,0,1
BRDA:82,6,1,12
BRDA:82,7,0,13
BRDA:82,7,1,13
BRDA:100,8,0,1
BRDA:100,8,1,12
BRF:17
BRH:14
end_of_record
